<?xml version="1.0" encoding="UTF-8"?>
<testsuite name="com.nt.user_service_lms.serviceImpl.GroupServiceImplTest" tests="1" skipped="0" failures="1" errors="0" timestamp="2025-07-22T05:58:02.505Z" hostname="DESKTOP-RO37R4U" time="6.751">
  <properties/>
  <testcase name="deleteGroup_ShouldDeleteGroupSuccessfully_WhenGroupExists()" classname="com.nt.user_service_lms.serviceImpl.GroupServiceImplTest" time="6.751">
    <failure message="org.opentest4j.AssertionFailedError: expected: &lt;Group deleted successfully&gt; but was: &lt;null&gt;" type="org.opentest4j.AssertionFailedError">org.opentest4j.AssertionFailedError: expected: &lt;Group deleted successfully&gt; but was: &lt;null&gt;
	at app//org.junit.jupiter.api.AssertionFailureBuilder.build(AssertionFailureBuilder.java:151)
	at app//org.junit.jupiter.api.AssertionFailureBuilder.buildAndThrow(AssertionFailureBuilder.java:132)
	at app//org.junit.jupiter.api.AssertEquals.failNotEqual(AssertEquals.java:197)
	at app//org.junit.jupiter.api.AssertEquals.assertEquals(AssertEquals.java:182)
	at app//org.junit.jupiter.api.AssertEquals.assertEquals(AssertEquals.java:177)
	at app//org.junit.jupiter.api.Assertions.assertEquals(Assertions.java:1145)
	at app//com.nt.user_service_lms.serviceImpl.GroupServiceImplTest.deleteGroup_ShouldDeleteGroupSuccessfully_WhenGroupExists(GroupServiceImplTest.java:199)
	at java.base@17.0.12/java.lang.reflect.Method.invoke(Method.java:568)
	at java.base@17.0.12/java.util.ArrayList.forEach(ArrayList.java:1511)
	at java.base@17.0.12/java.util.ArrayList.forEach(ArrayList.java:1511)
</failure>
  </testcase>
  <system-out><![CDATA[2025-07-22 11:28:09 [Test worker] INFO  c.n.u.s.serviceImpl.GroupServiceImpl - Attempting to delete group with ID: 100
2025-07-22 11:28:09 [Test worker] INFO  c.n.u.s.serviceImpl.GroupServiceImpl - Group with ID: 100 deleted successfully
]]></system-out>
  <system-err><![CDATA[]]></system-err>
</testsuite>
